<?xml version="1.0" encoding="UTF-8"?>
<!-- Generated by org.testng.reporters.JUnitReportReporter -->
<testsuite hostname="RedmiBook" failures="0" tests="1" name="sample.Parameters" time="4.746" errors="0" timestamp="2023-07-11T14:13:00 IST" skipped="0">
  <testcase classname="sample.Parameters" name="m1" time="4.746"/>
  <system-out/>
</testsuite> <!-- sample.Parameters -->
